[2025-12-05 14:21:12] ini id chat : C2512051421-U29D107
[2025-12-07 05:12:37] ini id chat : C2512070512-U110D101
[2025-12-07 16:35:38] masuk initchat: 
[2025-12-07 16:35:38] ini id chat : C2512071635-U110D101
[2025-12-07 16:35:38] Cek exist di sql: 
[2025-12-07 16:35:38] Chat aktif ditemukan: ff3b2e7756880939efb9bee8d9c660c5
[2025-12-07 16:35:38] Mulai cek room MongoDB untuk ChatID: ff3b2e7756880939efb9bee8d9c660c5
[2025-12-07 16:35:38] Room MongoDB belum ada, membuat baru...
[2025-12-07 16:35:38] masuk fungsi createmongodbchat: ff3b2e7756880939efb9bee8d9c660c5
[2025-12-07 16:35:39] Sukses create di mongodb.
[2025-12-07 16:35:39] Room MongoDB berhasil dibuat.
[2025-12-07 16:50:19] masuk initchat: 
[2025-12-07 16:50:19] ini id chat : C2512071650-U111D101
[2025-12-07 16:50:19] Cek exist di sql: 
[2025-12-07 16:50:19] Chat aktif ditemukan: ff3b8e7fab8abcf6940a6f7f845f2d64
[2025-12-07 16:50:19] Mulai cek room MongoDB untuk ChatID: ff3b8e7fab8abcf6940a6f7f845f2d64
[2025-12-07 16:50:20] Room MongoDB sudah ada.
[2025-12-07 16:53:12] masuk initchat: 
[2025-12-07 16:53:12] ini id chat : C2512071653-U221D101
[2025-12-07 16:53:12] Cek exist di sql: 
[2025-12-07 16:53:12] Chat tidak ditemukan, set create new.
[2025-12-07 16:53:12] regist chat room sql: sukses
[2025-12-07 16:53:12] insert form di mongodb result: sukses
[2025-12-07 16:53:12] Mulai cek room MongoDB untuk ChatID: 0fa6c4119c7960e86fd259cd06e01e71
[2025-12-07 16:53:12] Room MongoDB belum ada, membuat baru...
[2025-12-07 16:53:12] masuk fungsi createmongodbchat: 0fa6c4119c7960e86fd259cd06e01e71
[2025-12-07 16:53:12] Sukses create di mongodb.
[2025-12-07 16:53:12] Room MongoDB berhasil dibuat.
