[2025-12-05 19:29:30] [DAO_others::getAllChats]: SQLSTATE[42S22]: Column not found: 1054 Unknown column 'T1.id_chat' in 'field list'
[2025-12-05 19:29:31] [DAO_others::getAllChats]: SQLSTATE[42S22]: Column not found: 1054 Unknown column 'T1.id_chat' in 'field list'
[2025-12-06 22:15:24] [DAO_others::getAllChats]  or 101: SQLSTATE[42000]: Syntax error or access violation: 1064 You have an error in your SQL syntax; check the manual that corresponds to your MySQL server version for the right syntax to use near ', interval 1 DAY
                ORDER BY waktu_mulai_terbaru DESC' at line 16
[2025-12-06 22:26:39] [DAO_others::getAllChats]  or 101: SQLSTATE[42000]: Syntax error or access violation: 1064 You have an error in your SQL syntax; check the manual that corresponds to your MySQL server version for the right syntax to use near ', interval 1 DAY
                ORDER BY waktu_mulai_terbaru DESC' at line 16
[2025-12-06 22:47:17] [DAO_others::getAllChats]  or 101: SQLSTATE[42000]: Syntax error or access violation: 1064 You have an error in your SQL syntax; check the manual that corresponds to your MySQL server version for the right syntax to use near ', interval 1 DAY
                ORDER BY waktu_mulai_terbaru DESC' at line 16
[2025-12-06 23:04:42] [DAO_others::getAllChats]  or 101: SQLSTATE[42000]: Syntax error or access violation: 1064 You have an error in your SQL syntax; check the manual that corresponds to your MySQL server version for the right syntax to use near ', interval 1 DAY
                ORDER BY waktu_mulai_terbaru DESC' at line 16
[2025-12-06 23:04:46] [DAO_others::getAllChats]  or 101: SQLSTATE[42000]: Syntax error or access violation: 1064 You have an error in your SQL syntax; check the manual that corresponds to your MySQL server version for the right syntax to use near ', interval 1 DAY
                ORDER BY waktu_mulai_terbaru DESC' at line 16
[2025-12-06 23:48:33] [DAO_others::getAllChats]  or 101: SQLSTATE[42000]: Syntax error or access violation: 1064 You have an error in your SQL syntax; check the manual that corresponds to your MySQL server version for the right syntax to use near ', interval 1 DAY
                ORDER BY waktu_mulai_terbaru DESC' at line 16
[2025-12-06 23:48:34] [DAO_others::getAllChats]  or 101: SQLSTATE[42000]: Syntax error or access violation: 1064 You have an error in your SQL syntax; check the manual that corresponds to your MySQL server version for the right syntax to use near ', interval 1 DAY
                ORDER BY waktu_mulai_terbaru DESC' at line 16
[2025-12-07 00:12:33] [DAO_others::getAllChats]  or 101: SQLSTATE[42000]: Syntax error or access violation: 1064 You have an error in your SQL syntax; check the manual that corresponds to your MySQL server version for the right syntax to use near ', interval 1 DAY
                ORDER BY waktu_mulai_terbaru DESC' at line 16
[2025-12-07 00:16:39] [DAO_others::getAllChats]  or 101: SQLSTATE[42000]: Syntax error or access violation: 1064 You have an error in your SQL syntax; check the manual that corresponds to your MySQL server version for the right syntax to use near ', interval 1 DAY
                ORDER BY waktu_mulai_terbaru DESC' at line 16
[2025-12-07 00:22:34] [DAO_others::getAllChats]  or 101: SQLSTATE[42000]: Syntax error or access violation: 1064 You have an error in your SQL syntax; check the manual that corresponds to your MySQL server version for the right syntax to use near ', interval 1 DAY
                ORDER BY waktu_mulai_terbaru DESC' at line 16
[2025-12-07 02:22:10] [DAO_others::getRating]: SQLSTATE[42S22]: Column not found: 1054 Unknown column 'id_dokter' in 'where clause'
[2025-12-07 02:24:57] [DAO_others::getRating]: SQLSTATE[42S22]: Column not found: 1054 Unknown column 'id_dokter' in 'where clause'
[2025-12-07 02:25:06] [DAO_others::getRating]: SQLSTATE[42S22]: Column not found: 1054 Unknown column 'id_dokter' in 'where clause'
[2025-12-07 03:08:16] [DAO_others::getRating]: SQLSTATE[42S22]: Column not found: 1054 Unknown column 'id_dokter' in 'where clause'
[2025-12-07 04:58:49] [DAO_others::getRating]: SQLSTATE[42S22]: Column not found: 1054 Unknown column 'id_dokter' in 'where clause'
[2025-12-07 04:58:51] [DAO_others::getRating]: SQLSTATE[42S22]: Column not found: 1054 Unknown column 'id_dokter' in 'where clause'
[2025-12-07 04:58:55] [DAO_others::getRating]: SQLSTATE[42S22]: Column not found: 1054 Unknown column 'id_dokter' in 'where clause'
[2025-12-07 04:58:57] [DAO_others::getRating]: SQLSTATE[42S22]: Column not found: 1054 Unknown column 'id_dokter' in 'where clause'
[2025-12-07 05:00:55] [DAO_others::getRating]: SQLSTATE[42S22]: Column not found: 1054 Unknown column 'id_dokter' in 'where clause'
[2025-12-08 20:20:10] [DAO_others::registChatRoom]: SQLSTATE[23000]: Integrity constraint violation: 1062 Duplicate entry 'cef002708777cb223ac2d12e16e7d6be' for key 'tr_transaksi.PRIMARY'
[2025-12-08 20:20:13] [DAO_others::registChatRoom]: SQLSTATE[23000]: Integrity constraint violation: 1062 Duplicate entry 'cef002708777cb223ac2d12e16e7d6be' for key 'tr_transaksi.PRIMARY'
[2025-12-08 20:20:13] [DAO_others::registChatRoom]: SQLSTATE[23000]: Integrity constraint violation: 1062 Duplicate entry 'cef002708777cb223ac2d12e16e7d6be' for key 'tr_transaksi.PRIMARY'
[2025-12-08 20:20:14] [DAO_others::registChatRoom]: SQLSTATE[23000]: Integrity constraint violation: 1062 Duplicate entry 'cef002708777cb223ac2d12e16e7d6be' for key 'tr_transaksi.PRIMARY'
[2025-12-08 20:20:15] [DAO_others::registChatRoom]: SQLSTATE[23000]: Integrity constraint violation: 1062 Duplicate entry 'cef002708777cb223ac2d12e16e7d6be' for key 'tr_transaksi.PRIMARY'
[2025-12-08 20:20:15] [DAO_others::registChatRoom]: SQLSTATE[23000]: Integrity constraint violation: 1062 Duplicate entry 'cef002708777cb223ac2d12e16e7d6be' for key 'tr_transaksi.PRIMARY'
[2025-12-08 20:20:16] [DAO_others::registChatRoom]: SQLSTATE[23000]: Integrity constraint violation: 1062 Duplicate entry 'cef002708777cb223ac2d12e16e7d6be' for key 'tr_transaksi.PRIMARY'
[2025-12-08 20:20:16] [DAO_others::registChatRoom]: SQLSTATE[23000]: Integrity constraint violation: 1062 Duplicate entry 'cef002708777cb223ac2d12e16e7d6be' for key 'tr_transaksi.PRIMARY'
[2025-12-08 20:20:17] [DAO_others::registChatRoom]: SQLSTATE[23000]: Integrity constraint violation: 1062 Duplicate entry 'cef002708777cb223ac2d12e16e7d6be' for key 'tr_transaksi.PRIMARY'
[2025-12-08 20:20:18] [DAO_others::registChatRoom]: SQLSTATE[23000]: Integrity constraint violation: 1062 Duplicate entry 'fc2e448fa09cce8009f0cc0a3a36f502' for key 'tr_transaksi.PRIMARY'
[2025-12-08 20:20:18] [DAO_others::registChatRoom]: SQLSTATE[23000]: Integrity constraint violation: 1062 Duplicate entry 'fc2e448fa09cce8009f0cc0a3a36f502' for key 'tr_transaksi.PRIMARY'
[2025-12-08 20:20:18] [DAO_others::registChatRoom]: SQLSTATE[23000]: Integrity constraint violation: 1062 Duplicate entry 'fc2e448fa09cce8009f0cc0a3a36f502' for key 'tr_transaksi.PRIMARY'
[2025-12-08 20:20:18] [DAO_others::registChatRoom]: SQLSTATE[23000]: Integrity constraint violation: 1062 Duplicate entry 'fc2e448fa09cce8009f0cc0a3a36f502' for key 'tr_transaksi.PRIMARY'
[2025-12-08 20:20:19] [DAO_others::registChatRoom]: SQLSTATE[23000]: Integrity constraint violation: 1062 Duplicate entry 'fc2e448fa09cce8009f0cc0a3a36f502' for key 'tr_transaksi.PRIMARY'
[2025-12-08 23:07:39] emailService::sendHtmlEmail Error: The following From address failed: noreply@eaude-vetcare.mif.myhost.id : MAIL FROM command failed,Authentication Required. For more information, go to
 https://support.google.com/accounts/troubleshooter/2402620. d9443c01a7336-29daeae6ae0sm130005995ad.93 - gsmtp
,530,5.7.0 SMTP server error: MAIL FROM command failed Detail: Authentication Required. For more information, go to
 https://support.google.com/accounts/troubleshooter/2402620. d9443c01a7336-29daeae6ae0sm130005995ad.93 - gsmtp
 SMTP code: 530 Additional SMTP info: 5.7.0
[2025-12-08 23:07:39] Gagal mengirim email ke: enemyteguh@gmail.com | chat: cb36f691d30ae41044575487d04e817b | reason: Gagal mengirim email! Hubungi admin untuk masalah ini.
[2025-12-09 00:43:41]  emailService::sendHtmlEmail Error: The following From address failed: noreply@eaude-vetcare.mif.myhost.id : MAIL FROM command failed,Must issue a STARTTLS command first. For more information, go to
 https://support.google.com/a/answer/3221692 and review RFC 3207
specifications. 41be03b00d2f7-bf6875cc8eesm12795205a12.16 - gsmtp
,530,5.7.0 SMTP server error: MAIL FROM command failed Detail: Must issue a STARTTLS command first. For more information, go to
 https://support.google.com/a/answer/3221692 and review RFC 3207
specifications. 41be03b00d2f7-bf6875cc8eesm12795205a12.16 - gsmtp
 SMTP code: 530 Additional SMTP info: 5.7.0
[2025-12-09 00:43:42]  Gagal mengirim email ke: enemyteguh@gmail.com | chat: eeebcc6b575d3542d3e2e0853cd7e5fb | reason: Gagal mengirim email! Hubungi admin untuk masalah ini.
[2025-12-09 00:43:49]  emailService::sendHtmlEmail Error: The following From address failed: noreply@eaude-vetcare.mif.myhost.id : MAIL FROM command failed,Must issue a STARTTLS command first. For more information, go to
 https://support.google.com/a/answer/3221692 and review RFC 3207
specifications. d9443c01a7336-29dae49b196sm134126245ad.17 - gsmtp
,530,5.7.0 SMTP server error: MAIL FROM command failed Detail: Must issue a STARTTLS command first. For more information, go to
 https://support.google.com/a/answer/3221692 and review RFC 3207
specifications. d9443c01a7336-29dae49b196sm134126245ad.17 - gsmtp
 SMTP code: 530 Additional SMTP info: 5.7.0
[2025-12-09 00:43:50]  Gagal mengirim email ke: enemyteguh@gmail.com | chat: eeebcc6b575d3542d3e2e0853cd7e5fb | reason: Gagal mengirim email! Hubungi admin untuk masalah ini.
[2025-12-09 00:44:16]  emailService::sendHtmlEmail Error: The following From address failed: noreply@eaude-vetcare.mif.myhost.id : MAIL FROM command failed,Must issue a STARTTLS command first. For more information, go to
 https://support.google.com/a/answer/3221692 and review RFC 3207
specifications. 98e67ed59e1d1-34912d27040sm9508100a91.5 - gsmtp
,530,5.7.0 SMTP server error: MAIL FROM command failed Detail: Must issue a STARTTLS command first. For more information, go to
 https://support.google.com/a/answer/3221692 and review RFC 3207
specifications. 98e67ed59e1d1-34912d27040sm9508100a91.5 - gsmtp
 SMTP code: 530 Additional SMTP info: 5.7.0
[2025-12-09 00:44:16]  Gagal mengirim email ke: enemyteguh@gmail.com | chat: eeebcc6b575d3542d3e2e0853cd7e5fb | reason: Gagal mengirim email! Hubungi admin untuk masalah ini.
[2025-12-09 00:53:22]  emailService::sendHtmlEmail Error: SMTP Error: Could not connect to SMTP host. Failed to connect to server
[2025-12-09 00:53:22]  Gagal mengirim email ke: enemyteguh@gmail.com | chat: eeebcc6b575d3542d3e2e0853cd7e5fb | reason: Gagal mengirim email! Hubungi admin untuk masalah ini.
