[2025-12-09 00:29:46] us*@user.com(Member) Route {dokter-hewan-kecil} not found accessed on root :D:\VsCode\Klinik\Vetcare/404.php
[2025-12-09 00:43:46] teg*****un@gmail.com(Member) Route {chat} accessed on root :Z:\laragon\www\Vetcare/pages/chat-dokter.php
[2025-12-09 00:43:52] teg*****un@gmail.com(Member) Route {pilih-dokter} accessed on root :Z:\laragon\www\Vetcare/pages/pilih-dokter.php
[2025-12-09 00:43:54] teg*****un@gmail.com(Member) Route {pilih-dokter} accessed on root :Z:\laragon\www\Vetcare/pages/pilih-dokter.php
[2025-12-09 00:44:10] teg*****un@gmail.com(Member) Route {chat} accessed on root :Z:\laragon\www\Vetcare/pages/chat-dokter.php
[2025-12-09 00:45:03] teg*****un@gmail.com(Member) Route {chat} accessed on root :Z:\laragon\www\Vetcare/pages/chat-dokter.php
[2025-12-09 00:46:19] teg*****un@gmail.com(Member) Route {chat} accessed on root :Z:\laragon\www\Vetcare/pages/chat-dokter.php
[2025-12-09 00:46:35] teg*****un@gmail.com(Member) Route {pilih-dokter} accessed on root :Z:\laragon\www\Vetcare/pages/pilih-dokter.php
[2025-12-09 00:46:37] teg*****un@gmail.com(Member) Route {pilih-dokter} accessed on root :Z:\laragon\www\Vetcare/pages/pilih-dokter.php
[2025-12-09 00:46:56] teg*****un@gmail.com(Member) Route {chat} accessed on root :Z:\laragon\www\Vetcare/pages/chat-dokter.php
[2025-12-09 00:52:49] teg*****un@gmail.com(Member) Route {pilih-dokter} accessed on root :Z:\laragon\www\Vetcare/pages/pilih-dokter.php
[2025-12-09 00:53:14] teg*****un@gmail.com(Member) Route {chat} accessed on root :Z:\laragon\www\Vetcare/pages/chat-dokter.php
[2025-12-09 00:59:16] guest Route {logout} :
[2025-12-09 01:03:57] guest Route {auth} accessed on root :Z:\laragon\www\Vetcare/pages/auth.php
[2025-12-09 01:05:02] guest Route {auth} accessed on root :Z:\laragon\www\Vetcare/pages/auth.php
[2025-12-09 01:06:21] aku*****ma@gmail.com(Dokter) Route {auth} accessed on root :Z:\laragon\www\Vetcare/pages/auth.php
[2025-12-09 01:06:30] aku*****ma@gmail.com(Dokter) Route {auth} accessed on root :Z:\laragon\www\Vetcare/pages/auth.php
[2025-12-09 01:08:09] aku*****ma@gmail.com(Dokter) Route {auth} accessed on root :Z:\laragon\www\Vetcare/pages/auth.php
[2025-12-09 01:08:36] aku*****ma@gmail.com(Dokter) Route {auth} accessed on root :Z:\laragon\www\Vetcare/pages/auth.php
[2025-12-09 01:08:43] aku*****ma@gmail.com(Dokter) Route {auth} accessed on root :Z:\laragon\www\Vetcare/pages/auth.php
[2025-12-09 01:09:11] aku*****ma@gmail.com(Dokter) Route {auth} accessed on root :Z:\laragon\www\Vetcare/pages/auth.php
[2025-12-09 01:09:17] guest Route {logout} :
[2025-12-09 01:09:18] guest Route {auth} accessed on root :Z:\laragon\www\Vetcare/pages/auth.php
[2025-12-09 01:09:24] guest Route {auth} accessed on root :Z:\laragon\www\Vetcare/pages/auth.php
[2025-12-09 01:09:32] guest Route {auth} accessed on root :Z:\laragon\www\Vetcare/pages/auth.php
[2025-12-09 01:09:39] guest Route {auth} accessed on root :Z:\laragon\www\Vetcare/pages/auth.php
[2025-12-09 01:09:53] guest Route {logout} :
[2025-12-09 01:12:48] guest Route {auth} accessed on root :Z:\laragon\www\Vetcare/pages/auth.php
[2025-12-09 01:12:54] guest Route {auth} accessed on root :Z:\laragon\www\Vetcare/pages/auth.php
[2025-12-09 01:13:03] guest Route {auth} accessed on root :Z:\laragon\www\Vetcare/pages/auth.php
[2025-12-09 01:13:07] guest Route {auth} accessed on root :Z:\laragon\www\Vetcare/pages/auth.php
[2025-12-09 01:13:11] teg*****un@gmail.com(Member) Route {pilih-dokter} accessed on root :Z:\laragon\www\Vetcare/pages/pilih-dokter.php
[2025-12-09 01:13:37] teg*****un@gmail.com(Member) Route {chat} accessed on root :Z:\laragon\www\Vetcare/pages/chat-dokter.php
[2025-12-09 10:19:16] teg*****un@gmail.com(Member) Route {riwayat-chat} accessed on root :Z:\laragon\www\Vetcare/pages/riwayat-chat.php
